

Version:	3.12
CmdLine:	C:\Users\smmk1\Dropbox\Mortgage-Shopper\out\artifacts\Mortgage_Shopper_jar\test.exe --l4j-debug
WOW64:		yes
Working dir:	C:\Users\smmk1\Dropbox\Mortgage-Shopper\out\artifacts\Mortgage_Shopper_jar\.
Java min ver:	
Java max ver:	
Bundled JRE:	C:\Program Files\Java\jre1.8.0_241
Check launcher:	C:\Program Files\Java\jre1.8.0_241\bin\javaw.exe (OK)
Launcher:	C:\Program Files\Java\jre1.8.0_241\bin\javaw.exe
Launcher args:	-jar "C:\Users\smmk1\Dropbox\Mortgage-Shopper\out\artifacts\Mortgage_Shopper_jar\test.exe"
Args length:	90/32768 chars
Exit code:	0


Version:	3.12
CmdLine:	C:\Users\smmk1\Dropbox\Mortgage-Shopper\out\artifacts\Mortgage_Shopper_jar\Mortgage.exe --l4j-debug
WOW64:		yes
Working dir:	C:\Users\smmk1\Dropbox\Mortgage-Shopper\out\artifacts\Mortgage_Shopper_jar\.
Java min ver:	
Java max ver:	
Bundled JRE:	C:\Program Files\Java\jre1.8.0_241
Check launcher:	C:\Program Files\Java\jre1.8.0_241\bin\javaw.exe (OK)
Launcher:	C:\Program Files\Java\jre1.8.0_241\bin\javaw.exe
Launcher args:	-jar "C:\Users\smmk1\Dropbox\Mortgage-Shopper\out\artifacts\Mortgage_Shopper_jar\Mortgage.exe"
Args length:	94/32768 chars
Exit code:	0


Version:	3.12
CmdLine:	C:\Users\smmk1\Dropbox\Mortgage-Shopper\out\artifacts\Mortgage_Shopper_jar\Mortgage.exe --l4j-debug
WOW64:		yes
Working dir:	C:\Users\smmk1\Dropbox\Mortgage-Shopper\out\artifacts\Mortgage_Shopper_jar\.
Java min ver:	
Java max ver:	
Bundled JRE:	C:\Users\smmk1\Dropbox\InteliJ\intellij-idea-community-portable\app\Java 8
Check launcher:	C:\Users\smmk1\Dropbox\InteliJ\intellij-idea-community-portable\app\Java 8\bin\javaw.exe (OK)
Launcher:	C:\Users\smmk1\Dropbox\InteliJ\intellij-idea-community-portable\app\Java 8\bin\javaw.exe
Launcher args:	-jar "C:\Users\smmk1\Dropbox\Mortgage-Shopper\out\artifacts\Mortgage_Shopper_jar\Mortgage.exe"
Args length:	94/32768 chars
Exit code:	0
